<?xml version="1.0" encoding="UTF-8"?>
<testsuite xmlns:xsi="http://www.w3.org/2001/XMLSchema-instance" xsi:noNamespaceSchemaLocation="https://maven.apache.org/surefire/maven-failsafe-plugin/xsd/failsafe-test-report.xsd" version="3.0.2" name="com.mycompany.main.SeriesIT" time="0.086" tests="3" errors="0" skipped="0" failures="0">
  <properties>
[...]
</properties>
  <testcase name="testSeriesAddedCorrectly" classname="com.mycompany.main.SeriesIT" time="0.041"/>
  <testcase name="testDeleteSeriesSimulation" classname="com.mycompany.main.SeriesIT" time="0.003"/>
  <testcase name="testUpdateSeriesFields" classname="com.mycompany.main.SeriesIT" time="0.003"/>
</testsuite>